<?xml version="1.0" encoding="UTF-8"?>
<!-- Generated by org.testng.reporters.JUnitReportReporter -->
<testsuite skipped="0" hostname="XIPLRAC037" name="firsttestngpackage.FirstTestNGFile" tests="1" failures="0" timestamp="31 Dec 2018 06:58:15 GMT" time="0.018" errors="0">
  <testcase name="vrifyHomePageTitle" time="0.018" classname="firsttestngpackage.FirstTestNGFile"/>
</testsuite> <!-- firsttestngpackage.FirstTestNGFile -->
